<?xml version="1.0" encoding="UTF-8"?>
<!-- Generated by org.testng.reporters.JUnitReportReporter -->
<testsuite hostname="MBJR-3.local" failures="0" tests="1" name="loginTest.TC_04_LoginParam" time="2.632" errors="0" timestamp="23 jul 2022 13:51:33 GMT" skipped="0">
  <testcase classname="loginTest.TC_04_LoginParam" name="TC04" time="2.632"/>
</testsuite> <!-- loginTest.TC_04_LoginParam -->
