<?xml version="1.0" encoding="UTF-8"?>
<!-- Generated by org.testng.reporters.JUnitReportReporter -->
<testsuite hostname="MBJR-3.local" failures="0" tests="1" name="loginTest.TC_01_Login" time="1.639" errors="0" timestamp="23 jul 2022 14:40:44 GMT" skipped="0">
  <testcase classname="loginTest.TC_01_Login" name="TC01" time="1.639"/>
</testsuite> <!-- loginTest.TC_01_Login -->
